<?xml version="1.0" encoding="UTF-8"?>
<testsuite xmlns:xsi="http://www.w3.org/2001/XMLSchema-instance" xsi:noNamespaceSchemaLocation="https://maven.apache.org/surefire/maven-surefire-plugin/xsd/surefire-test-report-3.0.xsd" version="3.0" name="com.eightfold.TransformerTest" time="0.554" tests="6" errors="0" skipped="0" failures="0">
  <properties>
[...]
</properties>
  <testcase name="testPhoneNormalizer" classname="com.eightfold.TransformerTest" time="0.258">
    <system-err><![CDATA[2026-06-30 20:17:53 [main] WARN  c.e.normalizer.PhoneNormalizer - Phone number is parsed but marked as invalid: 123
]]></system-err>
  </testcase>
  <testcase name="testDateNormalizer" classname="com.eightfold.TransformerTest" time="0.015"/>
  <testcase name="testSkillNormalizer" classname="com.eightfold.TransformerTest" time="0.007"/>
  <testcase name="testCandidateTransformerSerialization" classname="com.eightfold.TransformerTest" time="0.12">
    <system-err><![CDATA[2026-06-30 20:17:53 [main] INFO  c.e.t.CandidateTransformer - Transforming candidate profile to JSON based on config specifications
]]></system-err>
  </testcase>
  <testcase name="testCandidateMerger" classname="com.eightfold.TransformerTest" time="0.004">
    <system-err><![CDATA[2026-06-30 20:17:53 [main] INFO  c.eightfold.merger.CandidateMerger - Merging candidate profiles: 'John Doe' and 'john doe'
]]></system-err>
  </testcase>
  <testcase name="testNameNormalizer" classname="com.eightfold.TransformerTest" time="0.017"/>
</testsuite>